SF:lib\game\hud.dart
DA:15,3
DA:17,1
DA:21,1
DA:23,2
DA:25,1
DA:27,2
DA:29,5
DA:31,2
DA:32,2
DA:34,1
DA:35,0
DA:39,0
DA:41,0
DA:42,0
DA:44,0
LF:15
LH:10
end_of_record
SF:lib\game\shooter_game.dart
DA:33,1
DA:35,1
DA:37,2
DA:39,2
DA:40,2
DA:41,1
DA:42,1
DA:46,2
DA:47,1
DA:48,1
DA:49,1
DA:50,1
DA:54,2
DA:56,1
DA:58,2
DA:60,1
DA:62,2
DA:66,2
DA:68,3
DA:69,2
DA:70,1
DA:72,1
DA:73,1
DA:76,1
DA:78,1
DA:79,1
DA:82,1
DA:84,1
DA:85,1
DA:88,1
DA:90,1
DA:91,1
DA:94,1
DA:96,1
DA:97,1
DA:100,1
DA:102,1
DA:103,1
DA:106,1
DA:108,1
DA:109,1
DA:118,1
DA:120,1
DA:121,4
DA:122,7
DA:126,1
DA:127,2
DA:128,2
DA:129,2
DA:130,2
DA:132,4
DA:133,2
DA:136,0
DA:137,0
DA:141,0
DA:142,0
DA:143,0
DA:144,0
DA:145,0
DA:146,0
DA:149,0
DA:150,0
DA:152,0
DA:153,0
DA:155,0
DA:159,0
DA:160,0
DA:161,0
DA:162,0
DA:164,0
DA:166,0
DA:168,0
DA:170,0
DA:172,0
DA:176,0
DA:177,0
DA:180,0
DA:182,0
DA:185,0
DA:193,1
DA:195,1
DA:198,2
DA:199,1
DA:200,1
DA:201,1
DA:202,1
DA:204,1
DA:206,1
DA:208,0
DA:210,0
DA:211,0
DA:212,0
DA:215,0
DA:216,0
DA:220,0
DA:223,0
DA:230,1
DA:232,1
DA:234,1
DA:236,1
DA:237,5
DA:241,1
DA:243,1
DA:244,1
DA:245,1
DA:246,1
DA:247,1
DA:248,2
DA:249,1
DA:250,1
DA:252,1
DA:255,1
DA:256,1
DA:260,3
DA:262,6
DA:264,1
DA:265,1
DA:272,0
DA:274,0
DA:276,0
DA:278,0
DA:280,0
DA:281,0
DA:285,0
DA:286,0
DA:287,0
DA:288,0
DA:292,0
DA:293,0
DA:294,0
DA:295,0
DA:296,0
DA:297,0
DA:298,0
DA:299,0
DA:300,0
DA:302,0
DA:305,0
DA:306,0
DA:310,0
DA:313,0
DA:315,0
DA:316,0
DA:317,0
DA:323,1
DA:326,2
DA:327,1
DA:329,0
DA:331,0
DA:332,0
DA:335,0
DA:337,0
LF:152
LH:85
end_of_record
SF:lib\objetos\player.dart
DA:28,2
DA:29,1
DA:32,2
DA:37,1
DA:39,1
DA:41,2
DA:43,0
DA:45,0
DA:48,0
DA:49,0
DA:50,0
DA:51,0
DA:52,0
DA:53,0
DA:55,0
DA:63,0
DA:64,0
DA:67,0
DA:69,0
DA:70,0
DA:71,0
DA:72,0
DA:73,0
DA:76,0
DA:79,0
DA:84,0
DA:86,0
DA:89,0
DA:90,0
DA:92,0
DA:96,0
DA:98,0
DA:102,0
DA:104,0
DA:108,0
DA:110,0
DA:114,0
DA:116,0
DA:120,0
DA:122,0
DA:127,0
DA:128,0
DA:129,0
DA:130,0
DA:131,0
DA:133,0
DA:134,0
DA:135,0
DA:136,0
DA:137,0
DA:138,0
DA:144,0
DA:145,0
DA:148,1
DA:150,1
DA:155,0
DA:156,0
DA:159,0
DA:161,0
LF:59
LH:8
end_of_record
SF:lib\game\dados.dart
DA:7,0
DA:8,0
DA:9,0
DA:10,0
DA:14,1
DA:15,1
DA:16,0
DA:17,0
LF:8
LH:2
end_of_record
SF:lib\game\game_state.dart
DA:10,2
DA:17,1
DA:24,1
DA:25,1
DA:26,1
DA:28,0
DA:35,1
DA:36,1
DA:41,1
DA:43,0
DA:44,0
DA:45,0
DA:49,0
DA:50,0
DA:58,0
DA:59,0
DA:62,1
DA:63,5
DA:67,0
DA:68,0
DA:69,0
DA:70,0
DA:71,0
DA:76,1
DA:77,1
DA:78,0
LF:26
LH:12
end_of_record
SF:lib\game\globals.dart
DA:5,0
DA:6,0
DA:7,0
LF:3
LH:0
end_of_record
SF:lib\objetos\inimigos.dart
DA:30,1
DA:31,1
DA:32,1
DA:36,1
DA:38,1
DA:39,3
DA:40,2
DA:41,2
DA:44,0
DA:46,0
DA:47,0
DA:48,0
DA:49,0
DA:51,0
DA:53,0
DA:56,0
DA:58,0
DA:61,0
DA:63,0
DA:66,0
DA:68,0
DA:70,0
DA:71,0
DA:72,0
DA:76,0
DA:81,0
DA:83,0
DA:84,0
DA:85,0
DA:87,0
DA:91,0
DA:93,0
DA:97,0
DA:99,0
DA:103,0
DA:105,0
DA:109,0
DA:111,0
DA:115,0
DA:117,0
DA:122,0
DA:124,0
DA:126,0
DA:127,0
DA:128,0
DA:129,0
DA:130,0
DA:131,0
DA:137,0
DA:139,0
DA:141,0
DA:145,1
DA:146,1
DA:147,1
DA:149,1
DA:150,5
DA:151,1
DA:152,5
DA:153,1
DA:154,5
DA:155,1
DA:156,5
DA:158,0
DA:164,0
DA:166,0
DA:167,0
DA:171,1
DA:172,1
DA:173,3
DA:174,3
DA:180,1
DA:186,1
DA:188,1
DA:189,2
DA:191,1
DA:194,1
DA:208,0
DA:213,0
DA:216,0
DA:218,0
DA:219,0
DA:221,0
DA:224,0
DA:227,0
DA:228,0
DA:229,0
DA:230,0
DA:231,0
DA:234,0
DA:236,0
DA:237,0
DA:247,0
DA:252,0
DA:255,0
DA:257,0
DA:258,0
DA:260,0
DA:263,0
DA:266,0
DA:267,0
DA:268,0
DA:269,0
DA:272,0
DA:274,0
DA:275,0
LF:105
LH:29
end_of_record
SF:lib\game\upgrades.dart
DA:10,0
DA:16,0
DA:18,0
DA:20,0
DA:22,0
DA:23,0
DA:24,0
DA:25,0
DA:26,0
DA:28,0
DA:29,0
DA:30,0
DA:32,0
DA:33,0
DA:36,0
DA:37,0
DA:39,0
DA:40,0
DA:41,0
DA:47,0
DA:48,0
DA:49,0
DA:50,0
DA:51,0
DA:52,0
DA:54,0
DA:55,0
DA:56,0
DA:57,0
DA:58,0
DA:60,0
DA:61,0
DA:62,0
DA:63,0
DA:64,0
DA:66,0
DA:67,0
DA:68,0
DA:70,0
DA:71,0
DA:75,0
DA:76,0
DA:77,0
DA:78,0
DA:79,0
DA:81,0
DA:86,0
DA:87,0
DA:88,0
DA:89,0
DA:92,0
LF:51
LH:0
end_of_record
SF:lib\game\wave.dart
DA:14,1
DA:21,1
DA:22,3
DA:23,2
DA:28,1
DA:29,2
DA:32,1
DA:33,0
DA:35,1
DA:36,0
DA:39,6
DA:41,2
DA:44,0
DA:45,0
DA:46,0
DA:47,0
DA:48,0
DA:52,1
DA:53,1
DA:54,5
LF:20
LH:13
end_of_record
SF:lib\objetos\fx.dart
DA:6,0
DA:8,0
DA:9,0
DA:15,0
DA:17,0
DA:19,0
DA:21,0
DA:24,0
LF:8
LH:0
end_of_record
SF:lib\objetos\projeteis.dart
DA:11,0
DA:13,0
DA:14,0
DA:18,0
DA:21,0
DA:23,0
DA:25,0
DA:27,0
DA:30,0
DA:34,0
DA:35,0
DA:41,0
DA:43,0
DA:46,0
DA:47,0
DA:50,0
DA:51,0
DA:52,0
DA:53,0
DA:54,0
LF:20
LH:0
end_of_record
